<?xml version="1.0" encoding="UTF-8"?>
<!-- Generated by org.testng.reporters.JUnitXMLReporter -->
<testsuite ignored="0" hostname="DESKTOP-FMP2TO6" failures="0" tests="6" name="Surefire test" time="0.031" errors="0" timestamp="27 Aug 2020 05:30:58 GMT">
  <testcase classname="jain2.APITest" name="APIAutomation" time="0.005"/>
  <testcase classname="jain2.APITest" name="ElememtsAPI" time="0.0"/>
  <testcase classname="jain2.AppiumTest" name="AppiumAutomation" time="0.0"/>
  <testcase classname="jain2.AppiumTest" name="ElememtsAppium" time="0.0"/>
  <testcase classname="jain2.SeleniumTest" name="BroswerAutomation" time="0.0"/>
  <testcase classname="jain2.SeleniumTest" name="ElememtsBrowser" time="0.0"/>
</testsuite> <!-- Surefire test -->
